<?xml version="1.0" encoding="UTF-8"?>
<!-- Generated by org.testng.reporters.JUnitReportReporter -->
<testsuite skipped="0" hostname="ISL-LAP-014" name="machinetest.MachineTask" tests="1" failures="0" timestamp="17 Dec 2020 06:58:04 GMT" time="101.073" errors="0">
  <testcase name="OnlineShopping" time="101.073" classname="machinetest.MachineTask"/>
</testsuite> <!-- machinetest.MachineTask -->
